<?xml version="1.0" encoding="UTF-8"?>
<!-- Generated by org.testng.reporters.JUnitXMLReporter -->
<testsuite ignored="0" hostname="BSC-PG02TQLD" failures="0" tests="5" name="Command line test" time="7.595" errors="0" timestamp="2025-05-13T11:08:49 IST">
  <testcase classname="com.example.api.tests.CreateObjectTest" name="createObject" time="3.761"/>
  <testcase classname="com.example.api.tests.GetObjectTest" name="getObject" time="0.675"/>
  <testcase classname="com.example.api.tests.UpdateObjectTest" name="updateObject" time="0.807"/>
  <testcase classname="com.example.api.tests.PatchObjectTest" name="patchObject" time="0.914"/>
  <testcase classname="com.example.api.tests.DeleteObjectTest" name="deleteObject" time="0.81"/>
</testsuite> <!-- Command line test -->
