<?xml version="1.0" encoding="UTF-8"?>
<testng-results ignored="0" total="1" passed="1" failed="0" skipped="0">
  <reporter-output>
  </reporter-output>
  <suite started-at="2025-05-13T11:08:41 IST" name="API Test Suite" finished-at="2025-05-13T11:09:11 IST" duration-ms="30516">
    <groups>
    </groups>
    <test started-at="2025-05-13T11:08:41 IST" name="API Tests" finished-at="2025-05-13T11:09:11 IST" duration-ms="30516">
      <class name="com.example.api.tests.EndToEndTest">
        <test-method signature="runAllTests()[pri:0, instance:com.example.api.tests.EndToEndTest@2438dcd]" started-at="2025-05-13T11:08:41 IST" name="runAllTests" finished-at="2025-05-13T11:09:11 IST" duration-ms="30464" status="PASS">
          <reporter-output>
          </reporter-output>
        </test-method> <!-- runAllTests -->
      </class> <!-- com.example.api.tests.EndToEndTest -->
    </test> <!-- API Tests -->
  </suite> <!-- API Test Suite -->
</testng-results>
